2025-05-31 05:33:04 INFO: Flask application initialized.
2025-05-31 05:37:17 INFO: Flask application initialized.
2025-05-31 05:39:19 INFO: Flask application initialized.
2025-05-31 05:44:41 INFO: Flask application initialized.
2025-05-31 05:47:33 INFO: Flask application initialized.
2025-05-31 05:48:01 INFO: Running db.create_all() (auto-create enabled)
2025-05-31 05:48:30 INFO: Flask application initialized.
2025-05-31 05:51:14 INFO: Running db.create_all() (auto-create enabled)
2025-05-31 05:51:17 INFO: Flask application initialized.
2025-05-31 05:53:50 INFO: Running db.create_all() (auto-create enabled)
2025-05-31 05:53:53 INFO: Flask application initialized.
2025-05-31 05:55:37 INFO: Running db.create_all() (auto-create enabled)
2025-05-31 05:55:40 INFO: Flask application initialized.
2025-05-31 05:56:40 INFO: Running db.create_all() (auto-create enabled)
2025-05-31 05:56:43 INFO: Flask application initialized.
2025-05-31 06:03:57 INFO: Running db.create_all() (auto-create enabled)
2025-05-31 06:04:28 INFO: Flask application initialized.
2025-05-31 06:04:58 INFO: Running db.create_all() (auto-create enabled)
2025-05-31 06:05:00 INFO: Flask application initialized.
2025-05-31 06:06:44 INFO: Running db.create_all() (auto-create enabled)
2025-05-31 06:06:46 INFO: Flask application initialized.
2025-05-31 06:07:00 INFO: Running db.create_all() (auto-create enabled)
2025-05-31 06:07:02 INFO: Flask application initialized.
2025-05-31 06:07:46 INFO: Running db.create_all() (auto-create enabled)
2025-05-31 06:07:48 INFO: Flask application initialized.
2025-05-31 06:08:17 INFO: Running db.create_all() (auto-create enabled)
2025-05-31 06:08:19 INFO: Flask application initialized.
2025-05-31 06:08:20 INFO: [31m[1mWARNING: This is a development server. Do not use it in a production deployment. Use a production WSGI server instead.[0m
 * Running on all addresses (0.0.0.0)
 * Running on http://127.0.0.1:5050
 * Running on http://192.168.1.59:5050
2025-05-31 06:08:20 INFO: [33mPress CTRL+C to quit[0m
2025-05-31 06:08:20 INFO:  * Restarting with stat
2025-05-31 06:08:20 INFO: Running db.create_all() (auto-create enabled)
2025-05-31 06:08:22 INFO: Flask application initialized.
2025-05-31 06:08:22 WARNING:  * Debugger is active!
2025-05-31 06:08:22 INFO:  * Debugger PIN: 179-184-350
2025-05-31 06:11:02 INFO: 127.0.0.1 - - [31/May/2025 06:11:02] "[35m[1mPOST /api/uploads/upload HTTP/1.1[0m" 500 -
